<?xml version="1.0" encoding="UTF-8"?>
<testng-results skipped="0" failed="0" ignored="0" total="4" passed="4">
  <reporter-output>
  </reporter-output>
  <suite name="Search" duration-ms="53478" started-at="2023-07-27T21:05:08Z" finished-at="2023-07-27T21:06:02Z">
    <groups>
    </groups>
    <test name="Test01" duration-ms="3739" started-at="2023-07-27T21:05:08Z" finished-at="2023-07-27T21:05:12Z">
      <class name="com.searchmodule.tests.SearchTest">
        <test-method status="PASS" signature="setupDriver(org.testng.ITestContext)[pri:0, instance:com.searchmodule.tests.SearchTest@6b09bb57]" name="setupDriver" is-config="true" duration-ms="899" started-at="2023-07-27T21:05:08Z" finished-at="2023-07-27T21:05:09Z">
          <params>
            <param index="0">
              <value>
                <![CDATA[org.testng.TestRunner@1ae8bcbc]]>
              </value>
            </param>
          </params>
          <reporter-output>
          </reporter-output>
        </test-method> <!-- setupDriver -->
        <test-method status="PASS" signature="TC01_SearchText(java.lang.String)[pri:1, instance:com.searchmodule.tests.SearchTest@6b09bb57]" name="TC01_SearchText" duration-ms="2769" started-at="2023-07-27T21:05:09Z" finished-at="2023-07-27T21:05:12Z">
          <params>
            <param index="0">
              <value>
                <![CDATA[java]]>
              </value>
            </param>
          </params>
          <reporter-output>
          </reporter-output>
        </test-method> <!-- TC01_SearchText -->
        <test-method status="PASS" signature="teardown()[pri:0, instance:com.searchmodule.tests.SearchTest@6b09bb57]" name="teardown" is-config="true" duration-ms="64" started-at="2023-07-27T21:05:12Z" finished-at="2023-07-27T21:05:12Z">
          <reporter-output>
          </reporter-output>
        </test-method> <!-- teardown -->
      </class> <!-- com.searchmodule.tests.SearchTest -->
    </test> <!-- Test01 -->
    <test name="Test02" duration-ms="33792" started-at="2023-07-27T21:05:12Z" finished-at="2023-07-27T21:05:46Z">
      <class name="com.searchmodule.tests.SearchTest">
        <test-method status="PASS" signature="setupDriver(org.testng.ITestContext)[pri:0, instance:com.searchmodule.tests.SearchTest@5bc79255]" name="setupDriver" is-config="true" duration-ms="30786" started-at="2023-07-27T21:05:12Z" finished-at="2023-07-27T21:05:43Z">
          <params>
            <param index="0">
              <value>
                <![CDATA[org.testng.TestRunner@6cdba6dc]]>
              </value>
            </param>
          </params>
          <reporter-output>
          </reporter-output>
        </test-method> <!-- setupDriver -->
        <test-method status="PASS" signature="TC01_SearchText(java.lang.String)[pri:1, instance:com.searchmodule.tests.SearchTest@5bc79255]" name="TC01_SearchText" duration-ms="2895" started-at="2023-07-27T21:05:43Z" finished-at="2023-07-27T21:05:46Z">
          <params>
            <param index="0">
              <value>
                <![CDATA[qa]]>
              </value>
            </param>
          </params>
          <reporter-output>
          </reporter-output>
        </test-method> <!-- TC01_SearchText -->
        <test-method status="PASS" signature="teardown()[pri:0, instance:com.searchmodule.tests.SearchTest@5bc79255]" name="teardown" is-config="true" duration-ms="110" started-at="2023-07-27T21:05:46Z" finished-at="2023-07-27T21:05:46Z">
          <reporter-output>
          </reporter-output>
        </test-method> <!-- teardown -->
      </class> <!-- com.searchmodule.tests.SearchTest -->
    </test> <!-- Test02 -->
    <test name="Test03" duration-ms="3309" started-at="2023-07-27T21:05:46Z" finished-at="2023-07-27T21:05:49Z">
      <class name="com.searchmodule.tests.SearchTest">
        <test-method status="PASS" signature="setupDriver(org.testng.ITestContext)[pri:0, instance:com.searchmodule.tests.SearchTest@43814d18]" name="setupDriver" is-config="true" duration-ms="196" started-at="2023-07-27T21:05:46Z" finished-at="2023-07-27T21:05:46Z">
          <params>
            <param index="0">
              <value>
                <![CDATA[org.testng.TestRunner@7d3d101b]]>
              </value>
            </param>
          </params>
          <reporter-output>
          </reporter-output>
        </test-method> <!-- setupDriver -->
        <test-method status="PASS" signature="TC01_SearchText(java.lang.String)[pri:1, instance:com.searchmodule.tests.SearchTest@43814d18]" name="TC01_SearchText" duration-ms="3038" started-at="2023-07-27T21:05:46Z" finished-at="2023-07-27T21:05:49Z">
          <params>
            <param index="0">
              <value>
                <![CDATA[webdriver]]>
              </value>
            </param>
          </params>
          <reporter-output>
          </reporter-output>
        </test-method> <!-- TC01_SearchText -->
        <test-method status="PASS" signature="teardown()[pri:0, instance:com.searchmodule.tests.SearchTest@43814d18]" name="teardown" is-config="true" duration-ms="75" started-at="2023-07-27T21:05:49Z" finished-at="2023-07-27T21:05:49Z">
          <reporter-output>
          </reporter-output>
        </test-method> <!-- teardown -->
      </class> <!-- com.searchmodule.tests.SearchTest -->
    </test> <!-- Test03 -->
    <test name="Test04" duration-ms="12458" started-at="2023-07-27T21:05:49Z" finished-at="2023-07-27T21:06:02Z">
      <class name="com.searchmodule.tests.SearchTest">
        <test-method status="PASS" signature="setupDriver(org.testng.ITestContext)[pri:0, instance:com.searchmodule.tests.SearchTest@1f36e637]" name="setupDriver" is-config="true" duration-ms="125" started-at="2023-07-27T21:05:49Z" finished-at="2023-07-27T21:05:49Z">
          <params>
            <param index="0">
              <value>
                <![CDATA[org.testng.TestRunner@30c8681]]>
              </value>
            </param>
          </params>
          <reporter-output>
          </reporter-output>
        </test-method> <!-- setupDriver -->
        <test-method status="PASS" signature="TC01_SearchText(java.lang.String)[pri:1, instance:com.searchmodule.tests.SearchTest@1f36e637]" name="TC01_SearchText" duration-ms="12274" started-at="2023-07-27T21:05:49Z" finished-at="2023-07-27T21:06:02Z">
          <params>
            <param index="0">
              <value>
                <![CDATA[docker]]>
              </value>
            </param>
          </params>
          <reporter-output>
          </reporter-output>
        </test-method> <!-- TC01_SearchText -->
        <test-method status="PASS" signature="teardown()[pri:0, instance:com.searchmodule.tests.SearchTest@1f36e637]" name="teardown" is-config="true" duration-ms="59" started-at="2023-07-27T21:06:02Z" finished-at="2023-07-27T21:06:02Z">
          <reporter-output>
          </reporter-output>
        </test-method> <!-- teardown -->
      </class> <!-- com.searchmodule.tests.SearchTest -->
    </test> <!-- Test04 -->
  </suite> <!-- Search -->
</testng-results>
