<?xml version="1.0" encoding="UTF-8"?>
<!-- Generated by org.testng.reporters.JUnitXMLReporter -->
<testsuite hostname="9b5a108c6e7a" ignored="0" name="TesT for 6" tests="4" failures="0" timestamp="27 Jul 2023 03:23:16 GMT" time="17.135" errors="0">
  <testcase name="TC01_RegistrationPageTest" time="12.481" classname="com.newtours.tests.BookFlightTest"/>
  <testcase name="TC02_RegistrationConfirmationPage" time="0.117" classname="com.newtours.tests.BookFlightTest"/>
  <testcase name="TC03_FlightDetailsPage" time="3.799" classname="com.newtours.tests.BookFlightTest"/>
  <testcase name="TC04_printConfirmation" time="0.233" classname="com.newtours.tests.BookFlightTest"/>
</testsuite> <!-- TesT for 6 -->
