<?xml version="1.0" encoding="UTF-8"?>
<!-- Generated by org.testng.reporters.JUnitXMLReporter -->
<testsuite hostname="9b5a108c6e7a" ignored="0" name="Test_for 2" tests="4" failures="0" timestamp="27 Jul 2023 03:23:15 GMT" time="16.659" errors="0">
  <testcase name="TC01_RegistrationPageTest" time="12.176" classname="com.newtours.tests.BookFlightTest"/>
  <testcase name="TC02_RegistrationConfirmationPage" time="0.101" classname="com.newtours.tests.BookFlightTest"/>
  <testcase name="TC03_FlightDetailsPage" time="3.622" classname="com.newtours.tests.BookFlightTest"/>
  <testcase name="TC04_printConfirmation" time="0.255" classname="com.newtours.tests.BookFlightTest"/>
</testsuite> <!-- Test_for 2 -->
